<?xml version="1.0" encoding="UTF-8"?>
<testsuite xmlns:xsi="http://www.w3.org/2001/XMLSchema-instance" xsi:noNamespaceSchemaLocation="https://maven.apache.org/surefire/maven-surefire-plugin/xsd/surefire-test-report.xsd" name="examples.ExamplesTest" time="40.73" tests="1" errors="0" skipped="0" failures="1">
  <properties>
    <property name="java.specification.version" value="16"/>
    <property name="sun.jnu.encoding" value="UTF-8"/>
    <property name="java.class.path" value="/Users/caglarfindikli/Desktop/KarateRestCountries/target/test-classes:/Users/caglarfindikli/Desktop/KarateRestCountries/target/classes:/Users/caglarfindikli/.m2/repository/com/intuit/karate/karate-junit5/1.0.1/karate-junit5-1.0.1.jar:/Users/caglarfindikli/.m2/repository/com/intuit/karate/karate-core/1.0.1/karate-core-1.0.1.jar:/Users/caglarfindikli/.m2/repository/org/graalvm/js/js-scriptengine/21.0.0/js-scriptengine-21.0.0.jar:/Users/caglarfindikli/.m2/repository/org/graalvm/sdk/graal-sdk/21.0.0/graal-sdk-21.0.0.jar:/Users/caglarfindikli/.m2/repository/org/graalvm/js/js/21.0.0/js-21.0.0.jar:/Users/caglarfindikli/.m2/repository/org/graalvm/regex/regex/21.0.0/regex-21.0.0.jar:/Users/caglarfindikli/.m2/repository/org/graalvm/truffle/truffle-api/21.0.0/truffle-api-21.0.0.jar:/Users/caglarfindikli/.m2/repository/com/ibm/icu/icu4j/67.1/icu4j-67.1.jar:/Users/caglarfindikli/.m2/repository/ch/qos/logback/logback-classic/1.2.3/logback-classic-1.2.3.jar:/Users/caglarfindikli/.m2/repository/ch/qos/logback/logback-core/1.2.3/logback-core-1.2.3.jar:/Users/caglarfindikli/.m2/repository/org/slf4j/jcl-over-slf4j/1.7.25/jcl-over-slf4j-1.7.25.jar:/Users/caglarfindikli/.m2/repository/com/jayway/jsonpath/json-path/2.5.0/json-path-2.5.0.jar:/Users/caglarfindikli/.m2/repository/net/minidev/json-smart/2.3/json-smart-2.3.jar:/Users/caglarfindikli/.m2/repository/net/minidev/accessors-smart/1.2/accessors-smart-1.2.jar:/Users/caglarfindikli/.m2/repository/org/ow2/asm/asm/5.0.4/asm-5.0.4.jar:/Users/caglarfindikli/.m2/repository/info/cukes/cucumber-java/1.2.5/cucumber-java-1.2.5.jar:/Users/caglarfindikli/.m2/repository/info/cukes/cucumber-core/1.2.5/cucumber-core-1.2.5.jar:/Users/caglarfindikli/.m2/repository/org/yaml/snakeyaml/1.27/snakeyaml-1.27.jar:/Users/caglarfindikli/.m2/repository/de/siegmar/fastcsv/1.0.4/fastcsv-1.0.4.jar:/Users/caglarfindikli/.m2/repository/info/picocli/picocli/4.5.2/picocli-4.5.2.jar:/Users/caglarfindikli/.m2/repository/org/junit/jupiter/junit-jupiter-api/5.7.0/junit-jupiter-api-5.7.0.jar:/Users/caglarfindikli/.m2/repository/org/apiguardian/apiguardian-api/1.1.0/apiguardian-api-1.1.0.jar:/Users/caglarfindikli/.m2/repository/org/opentest4j/opentest4j/1.2.0/opentest4j-1.2.0.jar:/Users/caglarfindikli/.m2/repository/org/junit/platform/junit-platform-commons/1.7.0/junit-platform-commons-1.7.0.jar:/Users/caglarfindikli/.m2/repository/org/junit/jupiter/junit-jupiter-engine/5.7.0/junit-jupiter-engine-5.7.0.jar:/Users/caglarfindikli/.m2/repository/org/junit/platform/junit-platform-engine/1.7.0/junit-platform-engine-1.7.0.jar:/Users/caglarfindikli/.m2/repository/net/masterthought/cucumber-reporting/5.5.3/cucumber-reporting-5.5.3.jar:/Users/caglarfindikli/.m2/repository/com/fasterxml/jackson/core/jackson-databind/2.12.1/jackson-databind-2.12.1.jar:/Users/caglarfindikli/.m2/repository/com/fasterxml/jackson/core/jackson-annotations/2.12.1/jackson-annotations-2.12.1.jar:/Users/caglarfindikli/.m2/repository/com/fasterxml/jackson/core/jackson-core/2.12.1/jackson-core-2.12.1.jar:/Users/caglarfindikli/.m2/repository/com/fasterxml/jackson/datatype/jackson-datatype-jsr310/2.12.1/jackson-datatype-jsr310-2.12.1.jar:/Users/caglarfindikli/.m2/repository/org/apache/velocity/velocity-engine-core/2.2/velocity-engine-core-2.2.jar:/Users/caglarfindikli/.m2/repository/org/slf4j/slf4j-api/1.7.30/slf4j-api-1.7.30.jar:/Users/caglarfindikli/.m2/repository/commons-collections/commons-collections/3.2.2/commons-collections-3.2.2.jar:/Users/caglarfindikli/.m2/repository/joda-time/joda-time/2.10.9/joda-time-2.10.9.jar:/Users/caglarfindikli/.m2/repository/org/apache/commons/commons-lang3/3.11/commons-lang3-3.11.jar:/Users/caglarfindikli/.m2/repository/commons-io/commons-io/2.6/commons-io-2.6.jar:/Users/caglarfindikli/.m2/repository/org/codehaus/plexus/plexus-utils/3.3.0/plexus-utils-3.3.0.jar:/Users/caglarfindikli/.m2/repository/org/jsoup/jsoup/1.13.1/jsoup-1.13.1.jar:/Users/caglarfindikli/.m2/repository/com/googlecode/owasp-java-html-sanitizer/owasp-java-html-sanitizer/20200713.1/owasp-java-html-sanitizer-20200713.1.jar:/Users/caglarfindikli/.m2/repository/com/google/guava/guava/27.1-jre/guava-27.1-jre.jar:/Users/caglarfindikli/.m2/repository/com/google/guava/failureaccess/1.0.1/failureaccess-1.0.1.jar:/Users/caglarfindikli/.m2/repository/com/google/guava/listenablefuture/9999.0-empty-to-avoid-conflict-with-guava/listenablefuture-9999.0-empty-to-avoid-conflict-with-guava.jar:/Users/caglarfindikli/.m2/repository/com/google/code/findbugs/jsr305/3.0.2/jsr305-3.0.2.jar:/Users/caglarfindikli/.m2/repository/org/checkerframework/checker-qual/2.5.2/checker-qual-2.5.2.jar:/Users/caglarfindikli/.m2/repository/com/google/errorprone/error_prone_annotations/2.2.0/error_prone_annotations-2.2.0.jar:/Users/caglarfindikli/.m2/repository/com/google/j2objc/j2objc-annotations/1.1/j2objc-annotations-1.1.jar:/Users/caglarfindikli/.m2/repository/org/codehaus/mojo/animal-sniffer-annotations/1.17/animal-sniffer-annotations-1.17.jar:/Users/caglarfindikli/.m2/repository/commons-configuration/commons-configuration/1.10/commons-configuration-1.10.jar:/Users/caglarfindikli/.m2/repository/commons-lang/commons-lang/2.6/commons-lang-2.6.jar:/Users/caglarfindikli/.m2/repository/commons-logging/commons-logging/1.1.1/commons-logging-1.1.1.jar:"/>
    <property name="java.vm.vendor" value="Homebrew"/>
    <property name="sun.arch.data.model" value="64"/>
    <property name="java.vendor.url" value="https://github.com/Homebrew/homebrew-core/issues"/>
    <property name="os.name" value="Mac OS X"/>
    <property name="java.vm.specification.version" value="16"/>
    <property name="sun.java.launcher" value="SUN_STANDARD"/>
    <property name="user.country" value="TR"/>
    <property name="sun.boot.library.path" value="/usr/local/Cellar/openjdk/16.0.1/libexec/openjdk.jdk/Contents/Home/lib"/>
    <property name="sun.java.command" value="/Users/caglarfindikli/Desktop/KarateRestCountries/target/surefire/surefirebooter16700270591565944613.jar /Users/caglarfindikli/Desktop/KarateRestCountries/target/surefire 2021-06-14T00-21-29_934-jvmRun1 surefire17837551971413708211tmp surefire_010689968309624789383tmp"/>
    <property name="http.nonProxyHosts" value="local|*.local|169.254/16|*.169.254/16"/>
    <property name="jdk.debug" value="release"/>
    <property name="surefire.test.class.path" value="/Users/caglarfindikli/Desktop/KarateRestCountries/target/test-classes:/Users/caglarfindikli/Desktop/KarateRestCountries/target/classes:/Users/caglarfindikli/.m2/repository/com/intuit/karate/karate-junit5/1.0.1/karate-junit5-1.0.1.jar:/Users/caglarfindikli/.m2/repository/com/intuit/karate/karate-core/1.0.1/karate-core-1.0.1.jar:/Users/caglarfindikli/.m2/repository/org/graalvm/js/js-scriptengine/21.0.0/js-scriptengine-21.0.0.jar:/Users/caglarfindikli/.m2/repository/org/graalvm/sdk/graal-sdk/21.0.0/graal-sdk-21.0.0.jar:/Users/caglarfindikli/.m2/repository/org/graalvm/js/js/21.0.0/js-21.0.0.jar:/Users/caglarfindikli/.m2/repository/org/graalvm/regex/regex/21.0.0/regex-21.0.0.jar:/Users/caglarfindikli/.m2/repository/org/graalvm/truffle/truffle-api/21.0.0/truffle-api-21.0.0.jar:/Users/caglarfindikli/.m2/repository/com/ibm/icu/icu4j/67.1/icu4j-67.1.jar:/Users/caglarfindikli/.m2/repository/ch/qos/logback/logback-classic/1.2.3/logback-classic-1.2.3.jar:/Users/caglarfindikli/.m2/repository/ch/qos/logback/logback-core/1.2.3/logback-core-1.2.3.jar:/Users/caglarfindikli/.m2/repository/org/slf4j/jcl-over-slf4j/1.7.25/jcl-over-slf4j-1.7.25.jar:/Users/caglarfindikli/.m2/repository/com/jayway/jsonpath/json-path/2.5.0/json-path-2.5.0.jar:/Users/caglarfindikli/.m2/repository/net/minidev/json-smart/2.3/json-smart-2.3.jar:/Users/caglarfindikli/.m2/repository/net/minidev/accessors-smart/1.2/accessors-smart-1.2.jar:/Users/caglarfindikli/.m2/repository/org/ow2/asm/asm/5.0.4/asm-5.0.4.jar:/Users/caglarfindikli/.m2/repository/info/cukes/cucumber-java/1.2.5/cucumber-java-1.2.5.jar:/Users/caglarfindikli/.m2/repository/info/cukes/cucumber-core/1.2.5/cucumber-core-1.2.5.jar:/Users/caglarfindikli/.m2/repository/org/yaml/snakeyaml/1.27/snakeyaml-1.27.jar:/Users/caglarfindikli/.m2/repository/de/siegmar/fastcsv/1.0.4/fastcsv-1.0.4.jar:/Users/caglarfindikli/.m2/repository/info/picocli/picocli/4.5.2/picocli-4.5.2.jar:/Users/caglarfindikli/.m2/repository/org/junit/jupiter/junit-jupiter-api/5.7.0/junit-jupiter-api-5.7.0.jar:/Users/caglarfindikli/.m2/repository/org/apiguardian/apiguardian-api/1.1.0/apiguardian-api-1.1.0.jar:/Users/caglarfindikli/.m2/repository/org/opentest4j/opentest4j/1.2.0/opentest4j-1.2.0.jar:/Users/caglarfindikli/.m2/repository/org/junit/platform/junit-platform-commons/1.7.0/junit-platform-commons-1.7.0.jar:/Users/caglarfindikli/.m2/repository/org/junit/jupiter/junit-jupiter-engine/5.7.0/junit-jupiter-engine-5.7.0.jar:/Users/caglarfindikli/.m2/repository/org/junit/platform/junit-platform-engine/1.7.0/junit-platform-engine-1.7.0.jar:/Users/caglarfindikli/.m2/repository/net/masterthought/cucumber-reporting/5.5.3/cucumber-reporting-5.5.3.jar:/Users/caglarfindikli/.m2/repository/com/fasterxml/jackson/core/jackson-databind/2.12.1/jackson-databind-2.12.1.jar:/Users/caglarfindikli/.m2/repository/com/fasterxml/jackson/core/jackson-annotations/2.12.1/jackson-annotations-2.12.1.jar:/Users/caglarfindikli/.m2/repository/com/fasterxml/jackson/core/jackson-core/2.12.1/jackson-core-2.12.1.jar:/Users/caglarfindikli/.m2/repository/com/fasterxml/jackson/datatype/jackson-datatype-jsr310/2.12.1/jackson-datatype-jsr310-2.12.1.jar:/Users/caglarfindikli/.m2/repository/org/apache/velocity/velocity-engine-core/2.2/velocity-engine-core-2.2.jar:/Users/caglarfindikli/.m2/repository/org/slf4j/slf4j-api/1.7.30/slf4j-api-1.7.30.jar:/Users/caglarfindikli/.m2/repository/commons-collections/commons-collections/3.2.2/commons-collections-3.2.2.jar:/Users/caglarfindikli/.m2/repository/joda-time/joda-time/2.10.9/joda-time-2.10.9.jar:/Users/caglarfindikli/.m2/repository/org/apache/commons/commons-lang3/3.11/commons-lang3-3.11.jar:/Users/caglarfindikli/.m2/repository/commons-io/commons-io/2.6/commons-io-2.6.jar:/Users/caglarfindikli/.m2/repository/org/codehaus/plexus/plexus-utils/3.3.0/plexus-utils-3.3.0.jar:/Users/caglarfindikli/.m2/repository/org/jsoup/jsoup/1.13.1/jsoup-1.13.1.jar:/Users/caglarfindikli/.m2/repository/com/googlecode/owasp-java-html-sanitizer/owasp-java-html-sanitizer/20200713.1/owasp-java-html-sanitizer-20200713.1.jar:/Users/caglarfindikli/.m2/repository/com/google/guava/guava/27.1-jre/guava-27.1-jre.jar:/Users/caglarfindikli/.m2/repository/com/google/guava/failureaccess/1.0.1/failureaccess-1.0.1.jar:/Users/caglarfindikli/.m2/repository/com/google/guava/listenablefuture/9999.0-empty-to-avoid-conflict-with-guava/listenablefuture-9999.0-empty-to-avoid-conflict-with-guava.jar:/Users/caglarfindikli/.m2/repository/com/google/code/findbugs/jsr305/3.0.2/jsr305-3.0.2.jar:/Users/caglarfindikli/.m2/repository/org/checkerframework/checker-qual/2.5.2/checker-qual-2.5.2.jar:/Users/caglarfindikli/.m2/repository/com/google/errorprone/error_prone_annotations/2.2.0/error_prone_annotations-2.2.0.jar:/Users/caglarfindikli/.m2/repository/com/google/j2objc/j2objc-annotations/1.1/j2objc-annotations-1.1.jar:/Users/caglarfindikli/.m2/repository/org/codehaus/mojo/animal-sniffer-annotations/1.17/animal-sniffer-annotations-1.17.jar:/Users/caglarfindikli/.m2/repository/commons-configuration/commons-configuration/1.10/commons-configuration-1.10.jar:/Users/caglarfindikli/.m2/repository/commons-lang/commons-lang/2.6/commons-lang-2.6.jar:/Users/caglarfindikli/.m2/repository/commons-logging/commons-logging/1.1.1/commons-logging-1.1.1.jar:"/>
    <property name="sun.cpu.endian" value="little"/>
    <property name="user.home" value="/Users/caglarfindikli"/>
    <property name="user.language" value="en"/>
    <property name="java.specification.vendor" value="Oracle Corporation"/>
    <property name="java.version.date" value="2021-04-20"/>
    <property name="java.home" value="/usr/local/Cellar/openjdk/16.0.1/libexec/openjdk.jdk/Contents/Home"/>
    <property name="file.separator" value="/"/>
    <property name="basedir" value="/Users/caglarfindikli/Desktop/KarateRestCountries"/>
    <property name="java.vm.compressedOopsMode" value="Zero based"/>
    <property name="line.separator" value="&#10;"/>
    <property name="java.specification.name" value="Java Platform API Specification"/>
    <property name="java.vm.specification.vendor" value="Oracle Corporation"/>
    <property name="surefire.real.class.path" value="/Users/caglarfindikli/Desktop/KarateRestCountries/target/surefire/surefirebooter16700270591565944613.jar"/>
    <property name="sun.management.compiler" value="HotSpot 64-Bit Tiered Compilers"/>
    <property name="ftp.nonProxyHosts" value="local|*.local|169.254/16|*.169.254/16"/>
    <property name="java.runtime.version" value="16.0.1+0"/>
    <property name="user.name" value="caglarfindikli"/>
    <property name="path.separator" value=":"/>
    <property name="os.version" value="11.4"/>
    <property name="java.runtime.name" value="OpenJDK Runtime Environment"/>
    <property name="file.encoding" value="UTF-8"/>
    <property name="java.vm.name" value="OpenJDK 64-Bit Server VM"/>
    <property name="java.vendor.version" value="Homebrew"/>
    <property name="localRepository" value="/Users/caglarfindikli/.m2/repository"/>
    <property name="java.vendor.url.bug" value="https://github.com/Homebrew/homebrew-core/issues"/>
    <property name="java.io.tmpdir" value="/var/folders/rp/1jrzqnnd4wd9zqwvcfhbby3w0000gn/T/"/>
    <property name="java.version" value="16.0.1"/>
    <property name="user.dir" value="/Users/caglarfindikli/Desktop/KarateRestCountries"/>
    <property name="os.arch" value="x86_64"/>
    <property name="java.vm.specification.name" value="Java Virtual Machine Specification"/>
    <property name="java.library.path" value="/Users/caglarfindikli/Library/Java/Extensions:/Library/Java/Extensions:/Network/Library/Java/Extensions:/System/Library/Java/Extensions:/usr/lib/java:."/>
    <property name="java.vm.info" value="mixed mode, sharing"/>
    <property name="java.vendor" value="Homebrew"/>
    <property name="java.vm.version" value="16.0.1+0"/>
    <property name="sun.io.unicode.encoding" value="UnicodeBig"/>
    <property name="socksNonProxyHosts" value="local|*.local|169.254/16|*.169.254/16"/>
    <property name="java.class.version" value="60.0"/>
  </properties>
  <testcase name="testParallel" classname="examples.ExamplesTest" time="40.723">
    <failure message="http call failed after 30624 milliseconds for url: https://restcountries.eu/rest/v2/alpha/tr&#10;classpath:examples/countries/countries.feature:7&#10;http call failed after 30624 milliseconds for url: https://restcountries.eu/rest/v2/alpha/tr&#10;classpath:examples/countries/countries.feature:7&#10;http call failed after 30624 milliseconds for url: https://restcountries.eu/rest/v2/alpha/tr&#10;classpath:examples/countries/countries.feature:7 ==&gt; expected: &lt;0&gt; but was: &lt;3&gt;" type="org.opentest4j.AssertionFailedError"><![CDATA[org.opentest4j.AssertionFailedError: 
http call failed after 30624 milliseconds for url: https://restcountries.eu/rest/v2/alpha/tr
classpath:examples/countries/countries.feature:7
http call failed after 30624 milliseconds for url: https://restcountries.eu/rest/v2/alpha/tr
classpath:examples/countries/countries.feature:7
http call failed after 30624 milliseconds for url: https://restcountries.eu/rest/v2/alpha/tr
classpath:examples/countries/countries.feature:7 ==> expected: <0> but was: <3>
	at examples.ExamplesTest.testParallel(ExamplesTest.java:25)
]]></failure>
    <system-out><![CDATA[00:21:31.200 [main] DEBUG com.intuit.karate.Suite - [config] classpath:karate-config.js
00:21:31.206 [main] INFO  com.intuit.karate.Suite - backed up existing 'target/karate-reports' dir to: target/karate-reports_1623619291206
00:21:32.243 [pool-1-thread-2] DEBUG com.intuit.karate - request:
1 > GET https://restcountries.eu/rest/v2/alpha/tr
1 > Host: restcountries.eu
1 > Connection: Keep-Alive
1 > User-Agent: Apache-HttpClient/4.5.13 (Java/16.0.1)
1 > Accept-Encoding: gzip,deflate


00:21:32.243 [pool-1-thread-1] DEBUG com.intuit.karate - request:
1 > GET https://restcountries.eu/rest/v2/alpha/tr
1 > Host: restcountries.eu
1 > Connection: Keep-Alive
1 > User-Agent: Apache-HttpClient/4.5.13 (Java/16.0.1)
1 > Accept-Encoding: gzip,deflate


00:21:32.243 [pool-1-thread-4] DEBUG com.intuit.karate - request:
1 > GET https://restcountries.eu/rest/v2/alpha/tr
1 > Host: restcountries.eu
1 > Connection: Keep-Alive
1 > User-Agent: Apache-HttpClient/4.5.13 (Java/16.0.1)
1 > Accept-Encoding: gzip,deflate


00:21:32.243 [pool-1-thread-3] DEBUG com.intuit.karate - request:
1 > GET https://restcountries.eu/rest/v2/alpha/tr
1 > Host: restcountries.eu
1 > Connection: Keep-Alive
1 > User-Agent: Apache-HttpClient/4.5.13 (Java/16.0.1)
1 > Accept-Encoding: gzip,deflate


00:21:32.243 [pool-1-thread-5] DEBUG com.intuit.karate - request:
1 > GET https://restcountries.eu/rest/v2/alpha/tr
1 > Host: restcountries.eu
1 > Connection: Keep-Alive
1 > User-Agent: Apache-HttpClient/4.5.13 (Java/16.0.1)
1 > Accept-Encoding: gzip,deflate


00:21:34.781 [pool-1-thread-4] DEBUG com.intuit.karate - response time in milliseconds: 2511
1 < 200
1 < Date: Sun, 13 Jun 2021 21:21:34 GMT
1 < Content-Type: application/json;charset=utf-8
1 < Transfer-Encoding: chunked
1 < Connection: keep-alive
1 < Access-Control-Allow-Origin: *
1 < Access-Control-Allow-Methods: GET
1 < Access-Control-Allow-Headers: Accept, X-Requested-With
1 < Cache-Control: public, max-age=86400
1 < CF-Cache-Status: DYNAMIC
1 < cf-request-id: 0aa8d966020000cb6a4bab4000000001
1 < Report-To: {"endpoints":[{"url":"https:\/\/a.nel.cloudflare.com\/report\/v2?s=A%2FXhmRwr09eN2Y243YFAQ7FoCVNjrtScBzONoWG%2F0Gk0AgWdwOfNQXWJlGMQFpUx2TEVzn31xfZqfm5fMBxD2uZNx5LuTaYT2ToO5aRmXkKeju4eXQXZe8UcJX6H%2BQ%3D%3D"}],"group":"cf-nel","max_age":604800}
1 < NEL: {"report_to":"cf-nel","max_age":604800}
1 < alt-svc: h3-27=":443"; ma=86400, h3-28=":443"; ma=86400, h3-29=":443"; ma=86400, h3=":443"; ma=86400
1 < Expect-CT: max-age=604800, report-uri="https://report-uri.cloudflare.com/cdn-cgi/beacon/expect-ct"
1 < Server: cloudflare
1 < CF-RAY: 65ee5e833e49cb6a-IST
{"area":783562.0,"nativeName":"Türkiye","capital":"Ankara","demonym":"Turkish","flag":"https:\/\/restcountries.eu\/data\/tur.svg","alpha2Code":"TR","languages":[{"nativeName":"Türkçe","iso639_2":"tur","name":"Turkish","iso639_1":"tr"}],"borders":["ARM","AZE","BGR","GEO","GRC","IRN","IRQ","SYR"],"subregion":"Western Asia","callingCodes":["90"],"regionalBlocs":[],"gini":39.0,"population":78741053,"numericCode":"792","alpha3Code":"TUR","topLevelDomain":[".tr"],"timezones":["UTC+03:00"],"cioc":"TUR","translations":{"br":"Turquia","de":"Türkei","pt":"Turquia","ja":"トルコ","hr":"Turska","it":"Turchia","fa":"ترکیه","fr":"Turquie","es":"Turquía","nl":"Turkije"},"name":"Turkey","altSpellings":["TR","Turkiye","Republic of Turkey","Türkiye Cumhuriyeti"],"region":"Asia","latlng":[39.0,35.0],"currencies":[{"symbol":null,"code":"TRY","name":"Turkish lira"}]}
00:21:34.802 [pool-1-thread-4] INFO  com.intuit.karate - [print] [
  "ARM",
  "AZE",
  "BGR",
  "GEO",
  "GRC",
  "IRN",
  "IRQ",
  "SYR"
]
 
00:21:34.828 [pool-1-thread-4] DEBUG com.intuit.karate - request:
1 > GET https://restcountries.eu/rest/v2/alpha/tr
1 > Host: restcountries.eu
1 > Connection: Keep-Alive
1 > User-Agent: Apache-HttpClient/4.5.13 (Java/16.0.1)
1 > Accept-Encoding: gzip,deflate


00:21:40.472 [pool-1-thread-4] DEBUG com.intuit.karate - response time in milliseconds: 5643
1 < 200
1 < Date: Sun, 13 Jun 2021 21:21:40 GMT
1 < Content-Type: application/json;charset=utf-8
1 < Transfer-Encoding: chunked
1 < Connection: keep-alive
1 < Access-Control-Allow-Origin: *
1 < Access-Control-Allow-Methods: GET
1 < Access-Control-Allow-Headers: Accept, X-Requested-With
1 < Cache-Control: public, max-age=86400
1 < CF-Cache-Status: DYNAMIC
1 < cf-request-id: 0aa8d96ef90000da1eb5a3e000000001
1 < Report-To: {"endpoints":[{"url":"https:\/\/a.nel.cloudflare.com\/report\/v2?s=s1zsgFtBEImDLDuI9o8guaH5tpmIh72DMbeejk8bkKaVE6bdSWeAMuO03ITtPWGtE6B6rte97FDIHFHfJcW246pboRxlrUlLbHdXOcm8lLsw%2B79Syn7yCJVB%2FfG6EQ%3D%3D"}],"group":"cf-nel","max_age":604800}
1 < NEL: {"report_to":"cf-nel","max_age":604800}
1 < alt-svc: h3-27=":443"; ma=86400, h3-28=":443"; ma=86400, h3-29=":443"; ma=86400, h3=":443"; ma=86400
1 < Expect-CT: max-age=604800, report-uri="https://report-uri.cloudflare.com/cdn-cgi/beacon/expect-ct"
1 < Server: cloudflare
1 < CF-RAY: 65ee5e918e4fda1e-IST
{"area":783562.0,"nativeName":"Türkiye","capital":"Ankara","demonym":"Turkish","flag":"https:\/\/restcountries.eu\/data\/tur.svg","alpha2Code":"TR","languages":[{"nativeName":"Türkçe","iso639_2":"tur","name":"Turkish","iso639_1":"tr"}],"borders":["ARM","AZE","BGR","GEO","GRC","IRN","IRQ","SYR"],"subregion":"Western Asia","callingCodes":["90"],"regionalBlocs":[],"gini":39.0,"population":78741053,"numericCode":"792","alpha3Code":"TUR","topLevelDomain":[".tr"],"timezones":["UTC+03:00"],"cioc":"TUR","translations":{"br":"Turquia","de":"Türkei","pt":"Turquia","ja":"トルコ","hr":"Turska","it":"Turchia","fa":"ترکیه","fr":"Turquie","es":"Turquía","nl":"Turkije"},"name":"Turkey","altSpellings":["TR","Turkiye","Republic of Turkey","Türkiye Cumhuriyeti"],"region":"Asia","latlng":[39.0,35.0],"currencies":[{"symbol":null,"code":"TRY","name":"Turkish lira"}]}
00:21:40.476 [pool-1-thread-4] INFO  com.intuit.karate - [print] Turkish 
00:21:40.485 [pool-1-thread-4] DEBUG com.intuit.karate - request:
1 > GET https://restcountries.eu/rest/v2/alpha/tr
1 > Host: restcountries.eu
1 > Connection: Keep-Alive
1 > User-Agent: Apache-HttpClient/4.5.13 (Java/16.0.1)
1 > Accept-Encoding: gzip,deflate


00:21:45.796 [pool-1-thread-4] DEBUG com.intuit.karate - response time in milliseconds: 5311
1 < 200
1 < Date: Sun, 13 Jun 2021 21:21:45 GMT
1 < Content-Type: application/json;charset=utf-8
1 < Transfer-Encoding: chunked
1 < Connection: keep-alive
1 < Access-Control-Allow-Origin: *
1 < Access-Control-Allow-Methods: GET
1 < Access-Control-Allow-Headers: Accept, X-Requested-With
1 < Cache-Control: public, max-age=86400
1 < CF-Cache-Status: DYNAMIC
1 < cf-request-id: 0aa8d984fe000050eede847000000001
1 < Report-To: {"endpoints":[{"url":"https:\/\/a.nel.cloudflare.com\/report\/v2?s=hsI8si19qssTB1mOFFtp904TchrhCG6i73ff2tWFZX0Dng9lQHVOMbBJEkIblFFYEhtx1ZscQfhBSDf3fJV9TwzjkKYwe%2FCB42wXaa0BpEM9%2BkHq5y38ZIKtHxlyGw%3D%3D"}],"group":"cf-nel","max_age":604800}
1 < NEL: {"report_to":"cf-nel","max_age":604800}
1 < alt-svc: h3-27=":443"; ma=86400, h3-28=":443"; ma=86400, h3-29=":443"; ma=86400, h3=":443"; ma=86400
1 < Expect-CT: max-age=604800, report-uri="https://report-uri.cloudflare.com/cdn-cgi/beacon/expect-ct"
1 < Server: cloudflare
1 < CF-RAY: 65ee5eb4c9e650ee-IST
{"area":783562.0,"nativeName":"Türkiye","capital":"Ankara","demonym":"Turkish","flag":"https:\/\/restcountries.eu\/data\/tur.svg","alpha2Code":"TR","languages":[{"nativeName":"Türkçe","iso639_2":"tur","name":"Turkish","iso639_1":"tr"}],"borders":["ARM","AZE","BGR","GEO","GRC","IRN","IRQ","SYR"],"subregion":"Western Asia","callingCodes":["90"],"regionalBlocs":[],"gini":39.0,"population":78741053,"numericCode":"792","alpha3Code":"TUR","topLevelDomain":[".tr"],"timezones":["UTC+03:00"],"cioc":"TUR","translations":{"br":"Turquia","de":"Türkei","pt":"Turquia","ja":"トルコ","hr":"Turska","it":"Turchia","fa":"ترکیه","fr":"Turquie","es":"Turquía","nl":"Turkije"},"name":"Turkey","altSpellings":["TR","Turkiye","Republic of Turkey","Türkiye Cumhuriyeti"],"region":"Asia","latlng":[39.0,35.0],"currencies":[{"symbol":null,"code":"TRY","name":"Turkish lira"}]}
00:21:45.800 [pool-1-thread-4] INFO  com.intuit.karate - [print] 39.0 
00:21:45.822 [pool-1-thread-4] DEBUG com.intuit.karate - request:
1 > GET https://restcountries.eu/rest/v2/alpha/tr
1 > Host: restcountries.eu
1 > Connection: Keep-Alive
1 > User-Agent: Apache-HttpClient/4.5.13 (Java/16.0.1)
1 > Accept-Encoding: gzip,deflate


00:21:49.998 [pool-1-thread-3] DEBUG com.intuit.karate - response time in milliseconds: 17754
1 < 200
1 < Date: Sun, 13 Jun 2021 21:21:50 GMT
1 < Content-Type: application/json;charset=utf-8
1 < Transfer-Encoding: chunked
1 < Connection: keep-alive
1 < Access-Control-Allow-Origin: *
1 < Access-Control-Allow-Methods: GET
1 < Access-Control-Allow-Headers: Accept, X-Requested-With
1 < Cache-Control: public, max-age=86400
1 < CF-Cache-Status: DYNAMIC
1 < cf-request-id: 0aa8d96601000050dca014b000000001
1 < Report-To: {"endpoints":[{"url":"https:\/\/a.nel.cloudflare.com\/report\/v2?s=KeX8oJf8Zo6Ij7W8EXwYgPDKniJcOSY%2FZwZzj3MYr1uWOs9pLWL6nZPPimUp%2BA4eNUGXVZQtkT1gKYZjBuJaRmnAjLHNFh2uV8IohzehGHPm3q4iLkg%2FS9V1y%2BMU%2Bg%3D%3D"}],"group":"cf-nel","max_age":604800}
1 < NEL: {"report_to":"cf-nel","max_age":604800}
1 < alt-svc: h3-27=":443"; ma=86400, h3-28=":443"; ma=86400, h3-29=":443"; ma=86400, h3=":443"; ma=86400
1 < Expect-CT: max-age=604800, report-uri="https://report-uri.cloudflare.com/cdn-cgi/beacon/expect-ct"
1 < Server: cloudflare
1 < CF-RAY: 65ee5e83383f50dc-IST
{"area":783562.0,"nativeName":"Türkiye","capital":"Ankara","demonym":"Turkish","flag":"https:\/\/restcountries.eu\/data\/tur.svg","alpha2Code":"TR","languages":[{"nativeName":"Türkçe","iso639_2":"tur","name":"Turkish","iso639_1":"tr"}],"borders":["ARM","AZE","BGR","GEO","GRC","IRN","IRQ","SYR"],"subregion":"Western Asia","callingCodes":["90"],"regionalBlocs":[],"gini":39.0,"population":78741053,"numericCode":"792","alpha3Code":"TUR","topLevelDomain":[".tr"],"timezones":["UTC+03:00"],"cioc":"TUR","translations":{"br":"Turquia","de":"Türkei","pt":"Turquia","ja":"トルコ","hr":"Turska","it":"Turchia","fa":"ترکیه","fr":"Turquie","es":"Turquía","nl":"Turkije"},"name":"Turkey","altSpellings":["TR","Turkiye","Republic of Turkey","Türkiye Cumhuriyeti"],"region":"Asia","latlng":[39.0,35.0],"currencies":[{"symbol":null,"code":"TRY","name":"Turkish lira"}]}
00:21:50.002 [pool-1-thread-3] INFO  com.intuit.karate - [print] Ankara 
00:21:50.011 [pool-1-thread-3] DEBUG com.intuit.karate - request:
1 > GET https://restcountries.eu/rest/v2/alpha/tr
1 > Host: restcountries.eu
1 > Connection: Keep-Alive
1 > User-Agent: Apache-HttpClient/4.5.13 (Java/16.0.1)
1 > Accept-Encoding: gzip,deflate


00:21:51.224 [pool-1-thread-4] DEBUG com.intuit.karate - response time in milliseconds: 5401
1 < 200
1 < Date: Sun, 13 Jun 2021 21:21:51 GMT
1 < Content-Type: application/json;charset=utf-8
1 < Transfer-Encoding: chunked
1 < Connection: keep-alive
1 < Access-Control-Allow-Origin: *
1 < Access-Control-Allow-Methods: GET
1 < Access-Control-Allow-Headers: Accept, X-Requested-With
1 < Cache-Control: public, max-age=86400
1 < CF-Cache-Status: DYNAMIC
1 < cf-request-id: 0aa8d99b3c000050d0cb387000000001
1 < Report-To: {"endpoints":[{"url":"https:\/\/a.nel.cloudflare.com\/report\/v2?s=SksLQpaxcbds%2BAe4a50Ib9B8HimzWPADynr8IfJ5M8rdswhpVed4ahmr00GKJ2vUSYtPV9KA7ZS0m26tsoMlsTCV%2BJMzrN4HWJ8h10aqXggKhEsLqpe0oAt0xGPe7A%3D%3D"}],"group":"cf-nel","max_age":604800}
1 < NEL: {"report_to":"cf-nel","max_age":604800}
1 < alt-svc: h3-27=":443"; ma=86400, h3-28=":443"; ma=86400, h3-29=":443"; ma=86400, h3=":443"; ma=86400
1 < Expect-CT: max-age=604800, report-uri="https://report-uri.cloudflare.com/cdn-cgi/beacon/expect-ct"
1 < Server: cloudflare
1 < CF-RAY: 65ee5ed85b4250d0-IST
{"area":783562.0,"nativeName":"Türkiye","capital":"Ankara","demonym":"Turkish","flag":"https:\/\/restcountries.eu\/data\/tur.svg","alpha2Code":"TR","languages":[{"nativeName":"Türkçe","iso639_2":"tur","name":"Turkish","iso639_1":"tr"}],"borders":["ARM","AZE","BGR","GEO","GRC","IRN","IRQ","SYR"],"subregion":"Western Asia","callingCodes":["90"],"regionalBlocs":[],"gini":39.0,"population":78741053,"numericCode":"792","alpha3Code":"TUR","topLevelDomain":[".tr"],"timezones":["UTC+03:00"],"cioc":"TUR","translations":{"br":"Turquia","de":"Türkei","pt":"Turquia","ja":"トルコ","hr":"Turska","it":"Turchia","fa":"ترکیه","fr":"Turquie","es":"Turquía","nl":"Turkije"},"name":"Turkey","altSpellings":["TR","Turkiye","Republic of Turkey","Türkiye Cumhuriyeti"],"region":"Asia","latlng":[39.0,35.0],"currencies":[{"symbol":null,"code":"TRY","name":"Turkish lira"}]}
00:21:51.228 [pool-1-thread-4] INFO  com.intuit.karate - [print] 78741053 
00:21:51.235 [pool-1-thread-4] DEBUG com.intuit.karate - request:
1 > GET https://restcountries.eu/rest/v2/alpha/tr
1 > Host: restcountries.eu
1 > Connection: Keep-Alive
1 > User-Agent: Apache-HttpClient/4.5.13 (Java/16.0.1)
1 > Accept-Encoding: gzip,deflate


00:21:59.241 [pool-1-thread-3] DEBUG com.intuit.karate - response time in milliseconds: 9228
1 < 200
1 < Date: Sun, 13 Jun 2021 21:21:59 GMT
1 < Content-Type: application/json;charset=utf-8
1 < Transfer-Encoding: chunked
1 < Connection: keep-alive
1 < Access-Control-Allow-Origin: *
1 < Access-Control-Allow-Methods: GET
1 < Access-Control-Allow-Headers: Accept, X-Requested-With
1 < Cache-Control: public, max-age=86400
1 < CF-Cache-Status: DYNAMIC
1 < cf-request-id: 0aa8d9aa3a0000cb32e2a03000000001
1 < Report-To: {"endpoints":[{"url":"https:\/\/a.nel.cloudflare.com\/report\/v2?s=Ia%2FuuijjuE6RydlW4DV50mUI%2Fk%2Bx2evJLnGylmjYmlsAiiNCAajn2ogifaSYzEVr1FIljEYD%2BnyM%2BMPJ2YgPiU4%2BoviL73PBmPeFlUp5aP8Adsy5I%2Fu2pLxVV9rKZg%3D%3D"}],"group":"cf-nel","max_age":604800}
1 < NEL: {"report_to":"cf-nel","max_age":604800}
1 < alt-svc: h3-27=":443"; ma=86400, h3-28=":443"; ma=86400, h3-29=":443"; ma=86400, h3=":443"; ma=86400
1 < Expect-CT: max-age=604800, report-uri="https://report-uri.cloudflare.com/cdn-cgi/beacon/expect-ct"
1 < Server: cloudflare
1 < CF-RAY: 65ee5ef059cccb32-IST
{"area":783562.0,"nativeName":"Türkiye","capital":"Ankara","demonym":"Turkish","flag":"https:\/\/restcountries.eu\/data\/tur.svg","alpha2Code":"TR","languages":[{"nativeName":"Türkçe","iso639_2":"tur","name":"Turkish","iso639_1":"tr"}],"borders":["ARM","AZE","BGR","GEO","GRC","IRN","IRQ","SYR"],"subregion":"Western Asia","callingCodes":["90"],"regionalBlocs":[],"gini":39.0,"population":78741053,"numericCode":"792","alpha3Code":"TUR","topLevelDomain":[".tr"],"timezones":["UTC+03:00"],"cioc":"TUR","translations":{"br":"Turquia","de":"Türkei","pt":"Turquia","ja":"トルコ","hr":"Turska","it":"Turchia","fa":"ترکیه","fr":"Turquie","es":"Turquía","nl":"Turkije"},"name":"Turkey","altSpellings":["TR","Turkiye","Republic of Turkey","Türkiye Cumhuriyeti"],"region":"Asia","latlng":[39.0,35.0],"currencies":[{"symbol":null,"code":"TRY","name":"Turkish lira"}]}
00:21:59.245 [pool-1-thread-3] INFO  com.intuit.karate - [print] 783562.0 
00:22:02.584 [pool-1-thread-2] ERROR com.intuit.karate - java.net.SocketTimeoutException: Read timed out, http call failed after 30624 milliseconds for url: https://restcountries.eu/rest/v2/alpha/tr
00:22:02.584 [pool-1-thread-5] ERROR com.intuit.karate - java.net.SocketTimeoutException: Read timed out, http call failed after 30624 milliseconds for url: https://restcountries.eu/rest/v2/alpha/tr
00:22:02.584 [pool-1-thread-1] ERROR com.intuit.karate - java.net.SocketTimeoutException: Read timed out, http call failed after 30624 milliseconds for url: https://restcountries.eu/rest/v2/alpha/tr
00:22:02.585 [pool-1-thread-5] ERROR com.intuit.karate - classpath:examples/countries/countries.feature:7
When method get
http call failed after 30624 milliseconds for url: https://restcountries.eu/rest/v2/alpha/tr
classpath:examples/countries/countries.feature:7
00:22:02.585 [pool-1-thread-1] ERROR com.intuit.karate - classpath:examples/countries/countries.feature:7
When method get
http call failed after 30624 milliseconds for url: https://restcountries.eu/rest/v2/alpha/tr
classpath:examples/countries/countries.feature:7
00:22:02.585 [pool-1-thread-2] ERROR com.intuit.karate - classpath:examples/countries/countries.feature:7
When method get
http call failed after 30624 milliseconds for url: https://restcountries.eu/rest/v2/alpha/tr
classpath:examples/countries/countries.feature:7
00:22:10.476 [pool-1-thread-4] DEBUG com.intuit.karate - response time in milliseconds: 19240
1 < 200
1 < Date: Sun, 13 Jun 2021 21:22:10 GMT
1 < Content-Type: application/json;charset=utf-8
1 < Transfer-Encoding: chunked
1 < Connection: keep-alive
1 < Access-Control-Allow-Origin: *
1 < Access-Control-Allow-Methods: GET
1 < Access-Control-Allow-Headers: Accept, X-Requested-With
1 < Cache-Control: public, max-age=86400
1 < CF-Cache-Status: DYNAMIC
1 < cf-request-id: 0aa8d9aefe0000cb42323a3000000001
1 < Report-To: {"endpoints":[{"url":"https:\/\/a.nel.cloudflare.com\/report\/v2?s=gI9fCwCQaqfjwfGZAM5TJIvk1wj8o7bXBSfz69OsTSMhNBchrFR0oNjEBjOI8b1Veo50MwKS57P4LF32yKQ%2FILCp7cQEmZDEQBsS7X7LbDIj1NKtymsFhQNYKwkHjg%3D%3D"}],"group":"cf-nel","max_age":604800}
1 < NEL: {"report_to":"cf-nel","max_age":604800}
1 < alt-svc: h3-27=":443"; ma=86400, h3-28=":443"; ma=86400, h3-29=":443"; ma=86400, h3=":443"; ma=86400
1 < Expect-CT: max-age=604800, report-uri="https://report-uri.cloudflare.com/cdn-cgi/beacon/expect-ct"
1 < Server: cloudflare
1 < CF-RAY: 65ee5ef7f86ccb42-IST
{"area":783562.0,"nativeName":"Türkiye","capital":"Ankara","demonym":"Turkish","flag":"https:\/\/restcountries.eu\/data\/tur.svg","alpha2Code":"TR","languages":[{"nativeName":"Türkçe","iso639_2":"tur","name":"Turkish","iso639_1":"tr"}],"borders":["ARM","AZE","BGR","GEO","GRC","IRN","IRQ","SYR"],"subregion":"Western Asia","callingCodes":["90"],"regionalBlocs":[],"gini":39.0,"population":78741053,"numericCode":"792","alpha3Code":"TUR","topLevelDomain":[".tr"],"timezones":["UTC+03:00"],"cioc":"TUR","translations":{"br":"Turquia","de":"Türkei","pt":"Turquia","ja":"トルコ","hr":"Turska","it":"Turchia","fa":"ترکیه","fr":"Turquie","es":"Turquía","nl":"Turkije"},"name":"Turkey","altSpellings":["TR","Turkiye","Republic of Turkey","Türkiye Cumhuriyeti"],"region":"Asia","latlng":[39.0,35.0],"currencies":[{"symbol":null,"code":"TRY","name":"Turkish lira"}]}
00:22:10.479 [pool-1-thread-4] INFO  com.intuit.karate - [print] [
  ".tr"
]
 
---------------------------------------------------------
feature: classpath:examples/countries/countries.feature
scenarios: 10 | passed:  7 | failed:  3 | time: 157.6637
---------------------------------------------------------

00:22:11.150 [pool-2-thread-1] INFO  com.intuit.karate.Suite - <<fail>> feature 1 of 1 (0 remaining) classpath:examples/countries/countries.feature
Karate version: 1.0.1
======================================================
elapsed:  40.43 | threads:    5 | thread time: 157.66 
features:     1 | skipped:    0 | efficiency: 0.78
scenarios:   10 | passed:     7 | failed: 3
======================================================
>>> failed features:
http call failed after 30624 milliseconds for url: https://restcountries.eu/rest/v2/alpha/tr
classpath:examples/countries/countries.feature:7
http call failed after 30624 milliseconds for url: https://restcountries.eu/rest/v2/alpha/tr
classpath:examples/countries/countries.feature:7
http call failed after 30624 milliseconds for url: https://restcountries.eu/rest/v2/alpha/tr
classpath:examples/countries/countries.feature:7
<<<

HTML report: (paste into browser to view) | Karate version: 1.0.1
file:///Users/caglarfindikli/Desktop/KarateRestCountries/target/karate-reports/karate-summary.html
===================================================================

]]></system-out>
  </testcase>
</testsuite>